{"/Users/aavila/prueba-cursor/src/utils/rutValidator.ts": {"path":"/Users/aavila/prueba-cursor/src/utils/rutValidator.ts","statementMap":{"0":{"start":{"line":7,"column":19},"end":{"line":7,"column":null}},"1":{"start":{"line":9,"column":2},"end":{"line":9,"column":null}},"2":{"start":{"line":9,"column":27},"end":{"line":9,"column":null}},"3":{"start":{"line":12,"column":15},"end":{"line":12,"column":null}},"4":{"start":{"line":13,"column":13},"end":{"line":13,"column":null}},"5":{"start":{"line":16,"column":24},"end":{"line":16,"column":null}},"6":{"start":{"line":18,"column":2},"end":{"line":18,"column":null}},"7":{"start":{"line":26,"column":2},"end":{"line":26,"column":null}},"8":{"start":{"line":33,"column":12},"end":{"line":33,"column":null}},"9":{"start":{"line":34,"column":19},"end":{"line":34,"column":null}},"10":{"start":{"line":37,"column":2},"end":{"line":40,"column":null}},"11":{"start":{"line":37,"column":15},"end":{"line":37,"column":35}},"12":{"start":{"line":38,"column":4},"end":{"line":38,"column":null}},"13":{"start":{"line":39,"column":4},"end":{"line":39,"column":null}},"14":{"start":{"line":42,"column":20},"end":{"line":42,"column":null}},"15":{"start":{"line":43,"column":13},"end":{"line":43,"column":null}},"16":{"start":{"line":45,"column":2},"end":{"line":45,"column":null}},"17":{"start":{"line":45,"column":17},"end":{"line":45,"column":null}},"18":{"start":{"line":46,"column":2},"end":{"line":46,"column":null}},"19":{"start":{"line":46,"column":17},"end":{"line":46,"column":null}},"20":{"start":{"line":47,"column":2},"end":{"line":47,"column":null}},"21":{"start":{"line":56,"column":2},"end":{"line":56,"column":null}},"22":{"start":{"line":56,"column":39},"end":{"line":56,"column":null}},"23":{"start":{"line":59,"column":21},"end":{"line":59,"column":null}},"24":{"start":{"line":62,"column":2},"end":{"line":62,"column":null}},"25":{"start":{"line":62,"column":54},"end":{"line":62,"column":null}},"26":{"start":{"line":65,"column":2},"end":{"line":65,"column":null}},"27":{"start":{"line":65,"column":43},"end":{"line":65,"column":null}},"28":{"start":{"line":68,"column":15},"end":{"line":68,"column":null}},"29":{"start":{"line":69,"column":13},"end":{"line":69,"column":null}},"30":{"start":{"line":72,"column":2},"end":{"line":72,"column":null}},"31":{"start":{"line":72,"column":30},"end":{"line":72,"column":null}},"32":{"start":{"line":75,"column":23},"end":{"line":75,"column":null}},"33":{"start":{"line":77,"column":2},"end":{"line":77,"column":null}},"34":{"start":{"line":86,"column":2},"end":{"line":86,"column":null}},"35":{"start":{"line":86,"column":39},"end":{"line":86,"column":null}},"36":{"start":{"line":94,"column":19},"end":{"line":98,"column":null}},"37":{"start":{"line":100,"column":2},"end":{"line":100,"column":null}},"38":{"start":{"line":100,"column":34},"end":{"line":100,"column":58}},"39":{"start":{"line":107,"column":2},"end":{"line":109,"column":null}},"40":{"start":{"line":108,"column":4},"end":{"line":108,"column":null}},"41":{"start":{"line":111,"column":2},"end":{"line":113,"column":null}},"42":{"start":{"line":112,"column":4},"end":{"line":112,"column":null}},"43":{"start":{"line":115,"column":2},"end":{"line":117,"column":null}},"44":{"start":{"line":116,"column":4},"end":{"line":116,"column":null}},"45":{"start":{"line":119,"column":2},"end":{"line":119,"column":null}}},"fnMap":{"0":{"name":"formatRut","decl":{"start":{"line":5,"column":16},"end":{"line":5,"column":26}},"loc":{"start":{"line":5,"column":47},"end":{"line":19,"column":null}},"line":5},"1":{"name":"cleanRut","decl":{"start":{"line":25,"column":16},"end":{"line":25,"column":25}},"loc":{"start":{"line":25,"column":46},"end":{"line":27,"column":null}},"line":25},"2":{"name":"calculateDV","decl":{"start":{"line":32,"column":9},"end":{"line":32,"column":21}},"loc":{"start":{"line":32,"column":46},"end":{"line":48,"column":null}},"line":32},"3":{"name":"validateRut","decl":{"start":{"line":55,"column":16},"end":{"line":55,"column":28}},"loc":{"start":{"line":55,"column":50},"end":{"line":78,"column":null}},"line":55},"4":{"name":"validateRutFormat","decl":{"start":{"line":85,"column":16},"end":{"line":85,"column":34}},"loc":{"start":{"line":85,"column":56},"end":{"line":101,"column":null}},"line":85},"5":{"name":"(anonymous_5)","decl":{"start":{"line":100,"column":23},"end":{"line":100,"column":34}},"loc":{"start":{"line":100,"column":34},"end":{"line":100,"column":58}},"line":100},"6":{"name":"getRutErrorMessage","decl":{"start":{"line":106,"column":16},"end":{"line":106,"column":35}},"loc":{"start":{"line":106,"column":56},"end":{"line":120,"column":null}},"line":106}},"branchMap":{"0":{"loc":{"start":{"line":9,"column":2},"end":{"line":9,"column":null}},"type":"if","locations":[{"start":{"line":9,"column":2},"end":{"line":9,"column":null}},{"start":{},"end":{}}],"line":9},"1":{"loc":{"start":{"line":39,"column":17},"end":{"line":39,"column":null}},"type":"cond-expr","locations":[{"start":{"line":39,"column":36},"end":{"line":39,"column":40}},{"start":{"line":39,"column":40},"end":{"line":39,"column":null}}],"line":39},"2":{"loc":{"start":{"line":45,"column":2},"end":{"line":45,"column":null}},"type":"if","locations":[{"start":{"line":45,"column":2},"end":{"line":45,"column":null}},{"start":{},"end":{}}],"line":45},"3":{"loc":{"start":{"line":46,"column":2},"end":{"line":46,"column":null}},"type":"if","locations":[{"start":{"line":46,"column":2},"end":{"line":46,"column":null}},{"start":{},"end":{}}],"line":46},"4":{"loc":{"start":{"line":56,"column":2},"end":{"line":56,"column":null}},"type":"if","locations":[{"start":{"line":56,"column":2},"end":{"line":56,"column":null}},{"start":{},"end":{}}],"line":56},"5":{"loc":{"start":{"line":56,"column":6},"end":{"line":56,"column":39}},"type":"binary-expr","locations":[{"start":{"line":56,"column":6},"end":{"line":56,"column":14}},{"start":{"line":56,"column":14},"end":{"line":56,"column":39}}],"line":56},"6":{"loc":{"start":{"line":62,"column":2},"end":{"line":62,"column":null}},"type":"if","locations":[{"start":{"line":62,"column":2},"end":{"line":62,"column":null}},{"start":{},"end":{}}],"line":62},"7":{"loc":{"start":{"line":62,"column":6},"end":{"line":62,"column":54}},"type":"binary-expr","locations":[{"start":{"line":62,"column":6},"end":{"line":62,"column":31}},{"start":{"line":62,"column":31},"end":{"line":62,"column":54}}],"line":62},"8":{"loc":{"start":{"line":65,"column":2},"end":{"line":65,"column":null}},"type":"if","locations":[{"start":{"line":65,"column":2},"end":{"line":65,"column":null}},{"start":{},"end":{}}],"line":65},"9":{"loc":{"start":{"line":72,"column":2},"end":{"line":72,"column":null}},"type":"if","locations":[{"start":{"line":72,"column":2},"end":{"line":72,"column":null}},{"start":{},"end":{}}],"line":72},"10":{"loc":{"start":{"line":86,"column":2},"end":{"line":86,"column":null}},"type":"if","locations":[{"start":{"line":86,"column":2},"end":{"line":86,"column":null}},{"start":{},"end":{}}],"line":86},"11":{"loc":{"start":{"line":86,"column":6},"end":{"line":86,"column":39}},"type":"binary-expr","locations":[{"start":{"line":86,"column":6},"end":{"line":86,"column":14}},{"start":{"line":86,"column":14},"end":{"line":86,"column":39}}],"line":86},"12":{"loc":{"start":{"line":107,"column":2},"end":{"line":109,"column":null}},"type":"if","locations":[{"start":{"line":107,"column":2},"end":{"line":109,"column":null}},{"start":{},"end":{}}],"line":107},"13":{"loc":{"start":{"line":107,"column":6},"end":{"line":107,"column":33}},"type":"binary-expr","locations":[{"start":{"line":107,"column":6},"end":{"line":107,"column":14}},{"start":{"line":107,"column":14},"end":{"line":107,"column":33}}],"line":107},"14":{"loc":{"start":{"line":111,"column":2},"end":{"line":113,"column":null}},"type":"if","locations":[{"start":{"line":111,"column":2},"end":{"line":113,"column":null}},{"start":{},"end":{}}],"line":111},"15":{"loc":{"start":{"line":115,"column":2},"end":{"line":117,"column":null}},"type":"if","locations":[{"start":{"line":115,"column":2},"end":{"line":117,"column":null}},{"start":{},"end":{}}],"line":115}},"s":{"0":10,"1":10,"2":2,"3":8,"4":8,"5":8,"6":8,"7":37,"8":25,"9":25,"10":25,"11":25,"12":188,"13":188,"14":25,"15":25,"16":25,"17":0,"18":25,"19":3,"20":22,"21":35,"22":5,"23":30,"24":30,"25":2,"26":28,"27":3,"28":25,"29":25,"30":25,"31":0,"32":25,"33":25,"34":17,"35":3,"36":14,"37":14,"38":27,"39":9,"40":5,"41":4,"42":2,"43":2,"44":2,"45":0},"f":{"0":10,"1":37,"2":25,"3":35,"4":17,"5":27,"6":9},"b":{"0":[2,8],"1":[24,164],"2":[0,25],"3":[3,22],"4":[5,30],"5":[35,32],"6":[2,28],"7":[30,30],"8":[3,25],"9":[0,25],"10":[3,14],"11":[17,14],"12":[5,4],"13":[9,5],"14":[2,2],"15":[2,0]},"meta":{"lastBranch":16,"lastFunction":7,"lastStatement":46,"seen":{"f:5:16:5:26":0,"s:7:19:7:Infinity":0,"b:9:2:9:Infinity:undefined:undefined:undefined:undefined":0,"s:9:2:9:Infinity":1,"s:9:27:9:Infinity":2,"s:12:15:12:Infinity":3,"s:13:13:13:Infinity":4,"s:16:24:16:Infinity":5,"s:18:2:18:Infinity":6,"f:25:16:25:25":1,"s:26:2:26:Infinity":7,"f:32:9:32:21":2,"s:33:12:33:Infinity":8,"s:34:19:34:Infinity":9,"s:37:2:40:Infinity":10,"s:37:15:37:35":11,"s:38:4:38:Infinity":12,"s:39:4:39:Infinity":13,"b:39:36:39:40:39:40:39:Infinity":1,"s:42:20:42:Infinity":14,"s:43:13:43:Infinity":15,"b:45:2:45:Infinity:undefined:undefined:undefined:undefined":2,"s:45:2:45:Infinity":16,"s:45:17:45:Infinity":17,"b:46:2:46:Infinity:undefined:undefined:undefined:undefined":3,"s:46:2:46:Infinity":18,"s:46:17:46:Infinity":19,"s:47:2:47:Infinity":20,"f:55:16:55:28":3,"b:56:2:56:Infinity:undefined:undefined:undefined:undefined":4,"s:56:2:56:Infinity":21,"b:56:6:56:14:56:14:56:39":5,"s:56:39:56:Infinity":22,"s:59:21:59:Infinity":23,"b:62:2:62:Infinity:undefined:undefined:undefined:undefined":6,"s:62:2:62:Infinity":24,"b:62:6:62:31:62:31:62:54":7,"s:62:54:62:Infinity":25,"b:65:2:65:Infinity:undefined:undefined:undefined:undefined":8,"s:65:2:65:Infinity":26,"s:65:43:65:Infinity":27,"s:68:15:68:Infinity":28,"s:69:13:69:Infinity":29,"b:72:2:72:Infinity:undefined:undefined:undefined:undefined":9,"s:72:2:72:Infinity":30,"s:72:30:72:Infinity":31,"s:75:23:75:Infinity":32,"s:77:2:77:Infinity":33,"f:85:16:85:34":4,"b:86:2:86:Infinity:undefined:undefined:undefined:undefined":10,"s:86:2:86:Infinity":34,"b:86:6:86:14:86:14:86:39":11,"s:86:39:86:Infinity":35,"s:94:19:98:Infinity":36,"s:100:2:100:Infinity":37,"f:100:23:100:34":5,"s:100:34:100:58":38,"f:106:16:106:35":6,"b:107:2:109:Infinity:undefined:undefined:undefined:undefined":12,"s:107:2:109:Infinity":39,"b:107:6:107:14:107:14:107:33":13,"s:108:4:108:Infinity":40,"b:111:2:113:Infinity:undefined:undefined:undefined:undefined":14,"s:111:2:113:Infinity":41,"s:112:4:112:Infinity":42,"b:115:2:117:Infinity:undefined:undefined:undefined:undefined":15,"s:115:2:117:Infinity":43,"s:116:4:116:Infinity":44,"s:119:2:119:Infinity":45}}}
}
