TN:
SF:src/utils/rutValidator.ts
FN:5,formatRut
FN:25,cleanRut
FN:32,calculateDV
FN:55,validateRut
FN:85,validateRutFormat
FN:100,(anonymous_5)
FN:106,getRutErrorMessage
FNF:7
FNH:7
FNDA:10,formatRut
FNDA:37,cleanRut
FNDA:25,calculateDV
FNDA:35,validateRut
FNDA:17,validateRutFormat
FNDA:27,(anonymous_5)
FNDA:9,getRutErrorMessage
DA:7,10
DA:9,10
DA:12,8
DA:13,8
DA:16,8
DA:18,8
DA:26,37
DA:33,25
DA:34,25
DA:37,25
DA:38,188
DA:39,188
DA:42,25
DA:43,25
DA:45,25
DA:46,25
DA:47,22
DA:56,35
DA:59,30
DA:62,30
DA:65,28
DA:68,25
DA:69,25
DA:72,25
DA:75,25
DA:77,25
DA:86,17
DA:94,14
DA:100,27
DA:107,9
DA:108,5
DA:111,4
DA:112,2
DA:115,2
DA:116,2
DA:119,0
LF:36
LH:35
BRDA:9,0,0,2
BRDA:9,0,1,8
BRDA:39,1,0,24
BRDA:39,1,1,164
BRDA:45,2,0,0
BRDA:45,2,1,25
BRDA:46,3,0,3
BRDA:46,3,1,22
BRDA:56,4,0,5
BRDA:56,4,1,30
BRDA:56,5,0,35
BRDA:56,5,1,32
BRDA:62,6,0,2
BRDA:62,6,1,28
BRDA:62,7,0,30
BRDA:62,7,1,30
BRDA:65,8,0,3
BRDA:65,8,1,25
BRDA:72,9,0,0
BRDA:72,9,1,25
BRDA:86,10,0,3
BRDA:86,10,1,14
BRDA:86,11,0,17
BRDA:86,11,1,14
BRDA:107,12,0,5
BRDA:107,12,1,4
BRDA:107,13,0,9
BRDA:107,13,1,5
BRDA:111,14,0,2
BRDA:111,14,1,2
BRDA:115,15,0,2
BRDA:115,15,1,0
BRF:32
BRH:29
end_of_record
